INFO 2016-06-30 11:18:32,582 gonggao:username=root, text=ddd
INFO 2016-06-30 11:20:43,904 gonggao:username=root, result=True
INFO 2016-06-30 11:20:53,913 gonggao:username=root, text=aaaa
INFO 2016-06-30 11:21:09,316 gonggao:username=root, result=True
INFO 2016-06-30 11:24:15,848 gonggao:username=root, text=aaaa
INFO 2016-06-30 11:24:16,016 gonggao:username=root, result=True
INFO 2016-06-30 11:25:08,683 gonggao:username=root, text=aaaa
INFO 2016-06-30 11:25:17,525 gonggao:username=root, result=True
INFO 2016-06-30 11:32:43,196 gonggao:username=root, text=ddddd
INFO 2016-09-18 19:01:15,144 mailone:username=root, server=1, acc=lyc1, title=a, text=g, reward=1|1|1,8|4003|0,0|0|
INFO 2016-09-18 19:01:16,253 mailone:username=root, result=False
INFO 2016-09-18 19:02:15,302 mailone:username=root, server=1, acc=lyc1, title=a, text=g, reward=1|1|1,8|4004|0,0|0|
INFO 2016-09-18 19:02:24,187 mailone:username=root, result=False
INFO 2016-09-18 19:04:38,553 mailone:username=root, server=1, acc=lyc1, title=a, text=g, reward=1|1|1,8|4002|0,0|0|
INFO 2016-09-18 19:04:38,598 mailone:username=root, result=False
INFO 2016-09-18 19:05:16,107 mailone:username=root, server=1, acc=lyc1, title=a, text=g, reward=1|1|1,8|4001|0,0|0|
INFO 2016-09-18 19:05:31,377 mailone:username=root, result=False
INFO 2016-09-18 19:07:20,598 mailone:username=root, server=82, acc=lyc1, title=a, text=g, reward=1|1|1,8|4001|1,0|0|
INFO 2016-09-18 19:07:20,619 mailone:username=root, result=True
INFO 2016-09-26 11:20:23,953 clibao:username=root, type=ts6, name=6元充值, pc=0, num=10, reward=0|0|,0|0|,0|0|
INFO 2016-09-26 11:20:24,161 clibao:username=root, result=False
INFO 2016-09-26 11:20:33,677 clibao:username=root, type=ts61, name=6元充值, pc=0, num=10, reward=0|0|,0|0|,0|0|
INFO 2016-09-26 11:23:14,573 clibao:username=root, result=False
INFO 2016-09-26 11:23:22,144 clibao:username=root, type=ts61, name=6元充值, pc=0, num=10, reward=0|0|,0|0|,0|0|
INFO 2016-09-26 11:23:34,480 clibao:username=root, result=False
INFO 2016-09-26 11:24:55,072 clibao:username=root, type=tsyu, name=6元充值, pc=0, num=10, reward=0|0|,0|0|,0|0|
INFO 2016-09-26 11:27:36,325 clibao:username=root, type=tsyu, name=6元充值, pc=0, num=10, reward=0|0|,0|0|,0|0|
INFO 2016-09-26 11:28:54,957 clibao:username=root, result=True
INFO 2016-09-26 11:51:09,351 clibao:username=root, type=tsyu, name=6元充值, pc=0, num=10, reward=0|0|,0|0|,0|0|
INFO 2016-09-26 11:52:13,831 clibao:username=root, type=tsyu, name=6元充值, pc=0, num=10, reward=0|0|,0|0|,0|0|
INFO 2016-09-26 11:53:13,823 clibao:username=root, type=tsyu, name=6元充值, pc=0, num=10, reward=0|0|,0|0|,0|0|
INFO 2016-09-26 11:53:31,572 clibao:username=root, result=True
INFO 2016-09-26 12:39:25,536 clibao:username=root, type=tsyy, name=648元充值, pc=0, num=10, reward=0|0|,0|0|,0|0|
INFO 2016-09-26 12:39:31,134 clibao:username=root, result=True
INFO 2016-09-26 12:51:59,127 clibao:username=root, type=tstt, name=328, pc=0, num=10, reward=0|0|,0|0|,0|0|
INFO 2016-09-26 12:52:46,137 clibao:username=root, result=True
INFO 2016-09-26 12:55:53,135 clibao:username=root, type=tsto, name=562, pc=1, num=10, reward=0|0|,0|0|,0|0|
INFO 2016-09-26 12:56:00,854 clibao:username=root, result=True
INFO 2016-09-26 12:56:29,943 clibao:username=root, type=tstp, name=569, pc=1, num=10, reward=1|1|1,1|5|1,0|0|
INFO 2016-09-26 12:56:31,538 clibao:username=root, result=True
INFO 2016-10-11 13:58:22,042 moni:username=root, server=84, acc=yymoontest, rmb=30
INFO 2016-10-11 13:58:42,520 moni:username=root, server=84, acc=yymoontest, rmb=30
INFO 2016-10-11 14:01:28,263 moni:username=root, server=84, acc=yymoontest, rmb=30
INFO 2016-10-11 14:03:01,290 moni:username=root, server=84, acc=yymoontest, rmb=30
INFO 2016-10-11 14:04:21,575 moni:username=root, server=84, acc=yymoontest, rmb=30
INFO 2016-10-11 14:04:28,578 moni:username=root, server=84, acc=yymoontest, rmb=60
INFO 2016-10-11 14:06:12,739 moni:username=root, server=84, acc=yymoontest, rmb=100
INFO 2016-10-26 14:06:21,190 moni:username=root, server=1, acc=yymoontest, rmb=98
INFO 2017-02-15 10:58:38,243 clibao:username=root, type=XUYQ, name=春节快乐, pc=365, num=2, reward=1|1|1,0|0|,0|0|
INFO 2017-02-15 10:59:36,065 clibao:username=root, result=False
INFO 2017-02-15 11:01:26,683 clibao:username=root, type=XUYQ, name=春节快乐, pc=356, num=2, reward=1|1|1,0|0|,0|0|
INFO 2017-02-15 11:03:15,144 clibao:username=root, result=False
INFO 2017-02-15 11:04:42,015 clibao:username=root, type=XUYI, name=春节快乐, pc=356, num=2, reward=1|1|1,0|0|,0|0|
INFO 2017-02-15 11:05:27,480 clibao:username=root, result=True
INFO 2017-02-15 17:49:43,697 clibao:username=root, type=UYDD, name=元旦快乐, pc=369, num=2, reward=1|1|1,0|0|,0|0|
INFO 2017-02-15 17:49:43,923 clibao:username=root, result=True
INFO 2017-02-15 18:06:10,628 clibao:username=root, type=nhux, name=ddd, pc=0, num=1, reward=0|0|,0|0|,0|0|
INFO 2017-02-15 18:06:10,687 clibao:username=root, result=True
INFO 2017-02-15 18:07:47,033 clibao:username=root, type=nhui, name=ddd, pc=0, num=2, reward=1|1|1,0|0|,0|0|
INFO 2017-02-15 18:07:47,076 clibao:username=root, result=True
INFO 2017-02-16 15:39:52,815 clibao:username=root, type=koop, name=gghhh, pc=67, num=5, reward=1|1|1,0|0|,0|0|
INFO 2017-02-16 15:39:53,065 clibao:username=root, result=True
INFO 2017-02-16 15:40:26,467 clibao:username=root, type=kooh, name=60充值, pc=78, num=5, reward=1|2|100,0|0|,0|0|
INFO 2017-02-16 15:40:26,507 clibao:username=root, result=True
INFO 2017-02-16 16:10:14,058 clibao:username=root, type=hjul, name=签到, pc=0, num=5, reward=0|0|,0|0|,0|0|
INFO 2017-02-16 16:10:14,170 clibao:username=root, result=False
INFO 2017-02-16 16:10:33,910 clibao:username=root, type=hjul, name=春节快乐, pc=0, num=5, reward=0|0|,0|0|,0|0|
INFO 2017-02-16 16:10:33,931 clibao:username=root, result=False
INFO 2017-02-16 16:10:47,200 clibao:username=root, type=hjul, name=春节快乐, pc=5678, num=5, reward=0|0|,0|0|,0|0|
INFO 2017-02-16 16:10:47,250 clibao:username=root, result=False
INFO 2017-02-16 16:11:05,842 clibao:username=root, type=hjul, name=春节快乐, pc=5678, num=5, reward=1|7|100,0|0|,0|0|
INFO 2017-02-16 16:11:10,894 clibao:username=root, result=True
INFO 2017-02-16 16:35:53,233 clibao:username=root, type=69ki, name=qindao, pc=0, num=5, reward=1|1|1,0|0|,0|0|
INFO 2017-02-16 16:35:53,292 clibao:username=root, result=True
INFO 2017-02-16 16:53:13,673 clibao:username=root, type=6589, name=节日快乐, pc=635, num=50, reward=1|1|1,0|0|,0|0|
INFO 2017-02-16 16:53:13,727 clibao:username=root, result=True
INFO 2018-03-01 10:48:31,061 moni:username=gongzhe, server=18, acc=dleon, rmb=6
INFO 2018-03-01 10:49:08,778 moni:username=gongzhe, server=18, acc=dleon, rmb=6
INFO 2018-03-01 15:36:04,419 moni:username=root, server=18, acc=dleon, rmb=6
INFO 2018-03-01 15:46:33,423 moni:username=root, server=18, acc=dleon, rmb=6
INFO 2018-03-01 16:03:16,841 moni:username=root, server=9, acc=hao111111, rmb=6
INFO 2018-03-01 16:06:29,557 moni:username=root, server=9, acc=hao111111, rmb=6
INFO 2018-03-01 16:17:49,015 moni:username=root, server=9, acc=hao111111, rmb=30
INFO 2018-03-13 10:47:54,684 moni:username=gongzhe, server=30, acc=davidasio, rmb=30
INFO 2018-03-13 10:49:56,278 moni:username=gongzhe, server=30, acc=arythelos, rmb=6
INFO 2018-03-13 11:08:08,245 moni:username=gongzhe, server=31, acc=kyuu, rmb=30
INFO 2018-03-13 11:11:12,050 moni:username=gongzhe, server=31, acc=arythelos, rmb=648
INFO 2018-03-13 11:12:40,696 moni:username=gongzhe, server=31, acc=kyuu, rmb=648
INFO 2018-03-13 11:24:29,380 moni:username=wangjian, server=27, acc=wj112233, rmb=6
INFO 2018-03-13 11:26:23,759 moni:username=wangjian, server=27, acc=wj112233, rmb=30
INFO 2018-03-13 11:27:59,940 moni:username=wangjian, server=27, acc=wj112233, rmb=648
INFO 2018-03-15 15:27:56,599 moni:username=gongzhe, server=31, acc=umbrella, rmb=6
INFO 2018-04-02 11:34:38,199 moni:username=gongzhe, server=31, acc=zh8688950, rmb=30
INFO 2018-04-03 14:55:30,816 moni:username=gongzhe, server=37, acc=shuribek, rmb=6
INFO 2018-04-10 10:18:28,139 moni:username=gongzhe, server=40, acc=zh3063690, rmb=30
INFO 2018-04-17 14:25:02,789 moni:username=gongzhe, server=42, acc=phimong, rmb=30
INFO 2018-04-18 15:03:38,357 clibao:username=lilidong, type=fb, name=facebook, pc=2001, num=10000, reward=1|2|300,1|1|100000,1|7|100000
INFO 2018-04-18 15:03:38,358 clibao:username=lilidong, result=False
INFO 2018-04-18 15:04:28,511 clibao:username=lilidong, type=face, name=facebook分享, pc=2001, num=10000, reward=1|2|300,1|1|100000,1|7|100000
INFO 2018-04-18 15:04:37,999 clibao:username=lilidong, result=True
INFO 2018-04-18 15:08:43,771 moni:username=gongzhe, server=39, acc=zh8062544, rmb=30
INFO 2018-04-18 18:09:41,291 moni:username=gongzhe, server=42, acc=fanny229, rmb=6
INFO 2018-04-18 23:20:07,634 moni:username=gongzhe, server=42, acc=mega229, rmb=6
INFO 2018-04-18 23:23:25,722 moni:username=gongzhe, server=42, acc=olo91, rmb=6
INFO 2018-04-18 23:24:00,136 moni:username=gongzhe, server=39, acc=olo91, rmb=6
INFO 2018-04-18 23:27:22,122 moni:username=gongzhe, server=42, acc=zh4637340, rmb=6
INFO 2018-04-18 23:29:09,912 moni:username=gongzhe, server=42, acc=zh7746748, rmb=6
INFO 2018-04-18 23:30:44,517 moni:username=gongzhe, server=42, acc=zh8062544, rmb=6
INFO 2018-04-18 23:30:53,098 moni:username=gongzhe, server=42, acc=zh8062544, rmb=30
INFO 2018-04-18 23:31:07,210 moni:username=gongzhe, server=39, acc=zh8062544, rmb=30
INFO 2018-04-18 23:31:13,890 moni:username=gongzhe, server=39, acc=zh8062544, rmb=6
INFO 2018-04-18 23:33:08,485 moni:username=gongzhe, server=37, acc=zh3865251, rmb=6
INFO 2018-04-18 23:33:14,305 moni:username=gongzhe, server=37, acc=zh3865251, rmb=30
INFO 2018-04-18 23:35:46,352 moni:username=gongzhe, server=42, acc=notre, rmb=6
INFO 2018-04-18 23:36:09,631 moni:username=gongzhe, server=40, acc=notre, rmb=6
INFO 2018-04-18 23:38:15,854 moni:username=gongzhe, server=42, acc=zh2030112, rmb=60
INFO 2018-04-18 23:38:19,319 moni:username=gongzhe, server=42, acc=zh2030112, rmb=60
INFO 2018-04-18 23:38:23,046 moni:username=gongzhe, server=42, acc=zh2030112, rmb=60
INFO 2018-04-18 23:40:06,612 moni:username=gongzhe, server=42, acc=zh6879878, rmb=6
INFO 2018-04-18 23:41:29,700 moni:username=gongzhe, server=42, acc=zh6002932, rmb=6
INFO 2018-04-18 23:43:38,066 moni:username=gongzhe, server=42, acc=zh7733275, rmb=6
INFO 2018-04-18 23:45:24,154 moni:username=gongzhe, server=42, acc=zh1352333, rmb=6
